<?xml version="1.0" encoding="UTF-8"?>
<testng-results skipped="0" failed="0" ignored="0" total="1" passed="1">
  <reporter-output>
  </reporter-output>
  <suite name="Suite1" duration-ms="42807" started-at="2017-05-22T06:50:58Z" finished-at="2017-05-22T06:51:40Z">
    <groups>
    </groups>
    <test name="Onliner" duration-ms="42807" started-at="2017-05-22T06:50:58Z" finished-at="2017-05-22T06:51:40Z">
      <class name="cars.tests.BaseTest">
        <test-method status="PASS" signature="setUp()[pri:0, instance:cars.tests.BaseTest@5442a311]" name="setUp" is-config="true" duration-ms="2908" started-at="2017-05-22T09:50:58Z" finished-at="2017-05-22T09:51:01Z">
          <reporter-output>
          </reporter-output>
        </test-method> <!-- setUp -->
        <test-method status="PASS" signature="xTest()[pri:0, instance:cars.tests.BaseTest@5442a311]" name="xTest" duration-ms="39879" started-at="2017-05-22T09:51:01Z" finished-at="2017-05-22T09:51:40Z">
          <reporter-output>
          </reporter-output>
        </test-method> <!-- xTest -->
      </class> <!-- cars.tests.BaseTest -->
    </test> <!-- Onliner -->
  </suite> <!-- Suite1 -->
</testng-results>
